
--- Improvements suggested at 2024-12-10 14:34:22.065812 ---
Here is an example of how you can modify the provided code to include social media monitoring functionality.

```python
import requests
from bs4 import BeautifulSoup
import json
from datetime import datetime, timedelta
import time

class JarvisAssistant:
    def __init__(self):
        self.trending_topics = None
        self.news_api_key = "YOUR_NEWS_API_KEY"

    def get_trending_topics(self, location="worldwide"):
        if self.trending_topics is not None and self.trending_topics["time"] + timedelta(minutes=30) <= datetime.now():
            return self.trending_topics

        try:
            # Check cache first
            cache_key = f"trends_{location}"
            if cache_key in self.cache:
                cached_data = self.cache[cache_key]
                if time.time() - cached_time < self.cache_duration:
                    return json.loads(cached_data)

            # If no cache, fetch from web
            url = "https://nitter.net/trending"
            headers = {'User-Agent': 'Mozilla/5.0'}
            
            response = requests.get(url, headers=headers)
            soup = BeautifulSoup(response.text, 'html.parser')
            
            trends = []
            trend_items = soup.find_all('div', {'class': 'trending-card'})
            
            for item in trend_items[:10]:  # Get top 10 trends
                trend_text = item.get_text().strip()
                if trend_text:
                    trends.append(trend_text)
            
            self.cache[cache_key] = {"time": datetime.now(), "data": json.dumps(trends)}
        
        except Exception as e:
            print(f"Failed to fetch trending topics: {e}")
            return None

    def get_news(self):
        try:
            url = "https://newsapi.org/v2/top-headlines"
            params = {
                "country": "us",
                "apiKey": self.config.get("news_api_key")
            }
            
            response = requests.get(url, params=params)
            news = response.json()
            
            if news.get("status") == "ok":
                articles = news.get("articles", [])[:5]
                self.trending_topics["time"] = datetime.now() - timedelta(minutes=30)
                self.trending_topics["data"] = json.dumps(articles)
        
        except Exception as e:
            print(f"Failed to fetch news: {e}")
            return None

    def run(self):
        while True:
            # Check trending topics
            if self.trending_topics is not None and time.time() - self.trending_topics["time"] > 30:
                print("Trending topics:", json.dumps(self.trending_topics))
                # Ask user what they'd like to do next
                action = input("What would you like to do? (fetching trending topics, getting news, or something else): ")
                
                if action.lower() == "fetching trending topics":
                    self.get_trending_topics()
                elif action.lower() == "getting news":
                    # Replace this with your actual API endpoint for the news
                    pass  # Add code to get the latest news headlines here
                elif action.lower() in ["social media", "social"]:
                    # Replace this with your actual social media API endpoints here
                    pass  # Add code to interact with social media platforms here
                else:
                    print("I didn't understand that. Please try again.")
            
            # Check if it's time for breakfast (just an example)
            current_time = datetime.now()
            if current_time.hour >= 7 and current_time.hour < 11:  # Breakfast is between 7am-9am
                self.print_welcome_message()

    def print_welcome_message(self):
        print("Welcome to Jarvis Assistant!")
        time.sleep(2)  # Wait for the welcome message to appear on screen

# Example usage:
jarvis = JarvisAssistant()
jarvis.run()
```

This modified code includes a social media monitoring function that fetches trending topics and news headlines from Twitter. The `get_trending_topics` method checks the cache first, then if no cache exists, it fetches data from the web. The `get_news` method checks for recent news headlines.

Please note that you'll need to replace `"YOUR_NEWS_API_KEY"` with your actual API key for fetching news headlines.

Also, this code uses a simple breakfast check (between 7am-9am), but you can modify it to suit your needs.
--- Improvements suggested at 2024-12-10 14:47:31.132077 ---
The provided code seems to be a set of Python classes designed for building conversational interfaces with natural language processing (NLP) capabilities. These interfaces seem to be built using the KAFKA library and the `json` module for data storage and retrieval.

However, there are some potential issues or improvements that can be made:

1. **Error Handling**: The code does not handle errors well. For example, if a user inputs something that is not a valid English word (e.g., "hello" instead of "hello"), the `get_trending_topics` function will fail and raise an exception.

2. **Data Storage**: The data stored in the caches may become outdated as soon as a new request is made to update it. This can be fixed by storing the cached data for a shorter period, e.g., 1 minute.

3. **Cache Expiration Time**: There's no mechanism to automatically remove expired cache entries after a certain time has passed. 

4. **Data Retrieval and Processing**: The code retrieves the trending topics from Twitter using the Nitter API which might not be always available or accurate. Also, it seems to be fetching 10 trending cards at a time but there is no limit on how many you can fetch.

5. **News Articles Fetching**: There's an alternative method for getting news headlines by fetching them manually from `newsapi.org`. 

Here's how you might improve the code with these considerations:

```python
import json
from bs4 import BeautifulSoup
import requests
import time

class JarvisAssistant:
    def __init__(self):
        self.cache = {}
        self.cache_duration = 300  # 5 minutes
        
    def get_trending_topics(self, location="worldwide"):
        """Get trending topics from Twitter"""
        
        try:
            url = "https://nitter.net/trending"
            
            response = requests.get(url)
            soup = BeautifulSoup(response.text, 'html.parser')
            
            trends = []
            trend_items = soup.find_all('div', {'class': 'trending-card'})
            
            for item in trend_items[:10]:  # Get top 10 trends
                trend_text = item.get_text().strip()
                if trend_text:
                    trends.append(trend_text)
                    
            cache_key = f"trends_{location}"
            
            current_time = time.time()
            cached_data = self.cache.get(cache_key, None)
            
            if cached_data is not None:
                if time.time() - current_time < self.cache_duration:
                    return cached_data
            
            # If no cache, fetch from web
            url = "https://nitter.net/trending"
            headers = {'User-Agent': 'Mozilla/5.0'}
            
            response = requests.get(url, headers=headers)
            soup = BeautifulSoup(response.text, 'html.parser')
            
            trends = []
            trend_items = soup.find_all('div', {'class': 'trending-card'})
            
            for item in trend_items[:10]:  # Get top 10 trends
                trend_text = item.get_text().strip()
                if trend_text:
                    trends.append(trend_text)
                
            self.cache[cache_key] = trends
            return trends
            
        except Exception as e:
            print(f"Failed to fetch trending topics: {e}")
            time.sleep(5)  # wait for a minute before retrying

    def get_news(self):
        """Fallback method to get news headlines"""
        
        try:
            url = "https://newsapi.org/v2/top-headlines"
            
            params = {
                "country": "us",
                "apiKey": self.config.get("news_api_key")
            }
            
            response = requests.get(url, params=params)
            news = response.json()
            
            if news.get("status") == "ok":
                articles = news.get("articles", [])[:5]
                return articles
                
        except Exception as e:
            print(f"Failed to fetch news: {e}")
            time.sleep(5)  # wait for a minute before retrying

class SocialMediaMonitor(JarvisAssistant):
    def get_trending_topics(self, location="worldwide"):
        """Get trending topics from Twitter"""
        
        trending_topics = self.get_trending_topics(location)
        return trending_topics
        
    def get_news(self):
        """Fallback method to get news headlines"""
        
        return self.get_news()

if __name__ == "__main__":
    jarvis = JarvisAssistant()
    social_media_monitor = SocialMediaMonitor(jarvis)
    
    while True:
        print("Options:")
        print("1. Get trending topics")
        print("2. Get news headlines")
        print("3. Exit")
        
        option = input("Choose an option: ")
        
        if option == "1":
            location = input("Enter the location (default: worldwide): ")
            trending_topics = social_media_monitor.get_trending_topics(location)
            social_media_monitor.speak(f"Trending topics for {location}: {trending_topics}")
            
        elif option == "2":
            news = social_media_monitor.get_news()
            if isinstance(news, list):
                news = "\n".join(news)
                
            social_media_monitor.speak("News headlines:")
            for article in news:
                social_media_monitor.speak(article)

# Usage example
jarvis = JarvisAssistant()
social_media_monitor = SocialMediaMonitor(jarvis)

while True:
    print("Options:")
    print("1. Get trending topics")
    print("2. Get news headlines")
    print("3. Exit")
    
    option = input("Choose an option: ")
    
    if option == "1":
        location = input("Enter the location (default: worldwide): ")
        trending_topics = social_media_monitor.get_trending_topics(location)
        social_media_monitor.speak(f"Trending topics for {location}: {trending_topics}")
        
    elif option == "2":
        news = social_media_monitor.get_news()
        if isinstance(news, list):
            news = "\n".join(news)
            
            print("News headlines:")
            for article in news:
                print(article)
                
    elif option == "3":
        break
        
    else:
        print("Invalid option. Please choose again.")
```

In this improved code:

*   We have defined a new class `SocialMediaMonitor` that inherits from the `JarvisAssistant`.
*   The `SocialMediaMonitor` class has a `get_trending_topics` method to get trending topics from Twitter, and a `get_news` method to fetch news headlines.
*   In the main loop, we ask the user for an option and call the corresponding method of the `SocialMediaMonitor` instance.
--- Improvements suggested at 2024-12-10 16:35:38.407924 ---
The code you've posted is a Python script that defines several classes (`JarvisAssistant`, `SocialMediaMonitor`) and methods. It appears to be part of a chatbot or virtual assistant application.

To answer your question about social media monitoring, here's how it could be implemented:

**Importing necessary libraries**

```python
import requests
from bs4 import BeautifulSoup
```

**Defining the SocialMediaMonitor class**

```python
class SocialMediaMonitor:
    def __init__(self, jarvis_instance):
        self.jarvis = jarvis_instance
        self.logger = jarvis_instance.logger

    # ... rest of the methods and attributes ...

    def get_trending_topics(self, location="worldwide"):
        # ... implementation ...
```

**Implementation details**

1. The `SocialMediaMonitor` class takes a `jarvis_instance` object as an argument in its constructor.
2. In the `get_trending_topics` method, we use the Nitter API (or another social media platform) to fetch trending topics based on the provided location.
3. We parse the HTML response using BeautifulSoup and extract the trend texts from the first 10 items on the page.
4. We then cache the results in a dictionary with a cache duration of 5 minutes.

**Example usage**

```python
if __name__ == "__main__":
    jarvis = JarvisAssistant()
    monitor = SocialMediaMonitor(jarvis)

    # Get trending topics for New York
    locations = ["us", "uk"]
    locations_to_trend = [location for location in locations if location != "us"]
    trends = monitor.get_trending_topics(locations_to_trend)
    
    if trends:
        print("Here are the current trending topics:")
        for i, trend in enumerate(trends, 1):
            print(f"{i}. {trend}")
```

This implementation assumes you have a `JarvisAssistant` class that has been defined elsewhere in your codebase. The `SocialMediaMonitor` class uses this helper class to interact with social media platforms.

Please note that these are just examples and may need to be adapted based on the actual requirements of your project.